<?xml version="1.0" encoding="UTF-8"?>
<!-- Generated by org.testng.reporters.JUnitXMLReporter -->
<testsuite hostname="SAGAR" name="Default test" tests="4" failures="0" timestamp="20 Aug 2019 15:40:57 GMT" time="38.267" errors="0">
  <testcase name="multiplication" time="3.475" classname="com.jbk.Calculator.MainClass"/>
  <testcase name="division" time="3.509" classname="com.jbk.Calculator.MainClass"/>
  <testcase name="addition" time="3.682" classname="com.jbk.Calculator.MainClass"/>
  <testcase name="subtraction" time="3.765" classname="com.jbk.Calculator.MainClass"/>
</testsuite> <!-- Default test -->
